<?xml version="1.0" encoding="UTF-8"?>
<coverage generated="1678227109560" clover="3.2.0">
  <project timestamp="1678227109560" name="All files">
    <metrics statements="16" coveredstatements="16" conditionals="6" coveredconditionals="5" methods="8" coveredmethods="8" elements="30" coveredelements="29" complexity="0" loc="16" ncloc="16" packages="1" files="1" classes="1"/>
    <file name="graph.js" path="C:\Users\tedjo\Desktop\GraphTheory\src\graph.js">
      <metrics statements="16" coveredstatements="16" conditionals="6" coveredconditionals="5" methods="8" coveredmethods="8"/>
      <line num="3" count="9" type="stmt"/>
      <line num="6" count="11" type="stmt"/>
      <line num="9" count="3" type="cond" truecount="2" falsecount="0"/>
      <line num="10" count="1" type="stmt"/>
      <line num="12" count="2" type="stmt"/>
      <line num="15" count="4" type="stmt"/>
      <line num="16" count="4" type="stmt"/>
      <line num="19" count="5" type="cond" truecount="2" falsecount="0"/>
      <line num="20" count="1" type="stmt"/>
      <line num="22" count="4" type="stmt"/>
      <line num="25" count="1" type="stmt"/>
      <line num="26" count="1" type="stmt"/>
      <line num="29" count="1" type="cond" truecount="1" falsecount="1"/>
      <line num="30" count="1" type="stmt"/>
      <line num="31" count="2" type="stmt"/>
      <line num="33" count="1" type="stmt"/>
    </file>
  </project>
</coverage>
