TN:
SF:C:\Users\tedjo\Desktop\GraphTheory\src\graph.js
FN:2,(anonymous_0)
FN:5,(anonymous_1)
FN:8,(anonymous_2)
FN:14,(anonymous_3)
FN:18,(anonymous_4)
FN:24,(anonymous_5)
FN:28,(anonymous_6)
FN:30,(anonymous_7)
FNF:8
FNH:8
FNDA:9,(anonymous_0)
FNDA:11,(anonymous_1)
FNDA:3,(anonymous_2)
FNDA:4,(anonymous_3)
FNDA:5,(anonymous_4)
FNDA:1,(anonymous_5)
FNDA:1,(anonymous_6)
FNDA:2,(anonymous_7)
DA:3,9
DA:6,11
DA:9,3
DA:10,1
DA:12,2
DA:15,4
DA:16,4
DA:19,5
DA:20,1
DA:22,4
DA:25,1
DA:26,1
DA:29,1
DA:30,1
DA:31,2
DA:33,1
LF:16
LH:16
BRDA:9,0,0,1
BRDA:9,0,1,2
BRDA:19,1,0,1
BRDA:19,1,1,4
BRDA:29,2,0,1
BRDA:29,2,1,0
BRF:6
BRH:5
end_of_record
