TN:
SF:C:\Users\tedjo\Desktop\GraphTheory\src\graph.js
FN:2,(anonymous_0)
FN:5,(anonymous_1)
FN:8,(anonymous_2)
FN:14,(anonymous_3)
FN:18,(anonymous_4)
FN:24,(anonymous_5)
FN:28,(anonymous_6)
FN:30,(anonymous_7)
FN:36,(anonymous_8)
FNF:9
FNH:9
FNDA:10,(anonymous_0)
FNDA:19,(anonymous_1)
FNDA:3,(anonymous_2)
FNDA:11,(anonymous_3)
FNDA:5,(anonymous_4)
FNDA:1,(anonymous_5)
FNDA:1,(anonymous_6)
FNDA:2,(anonymous_7)
FNDA:2,(anonymous_8)
DA:3,10
DA:6,19
DA:9,3
DA:10,1
DA:12,2
DA:15,11
DA:16,11
DA:19,5
DA:20,1
DA:22,4
DA:25,1
DA:26,1
DA:29,1
DA:30,1
DA:31,2
DA:33,1
DA:37,2
DA:38,2
LF:18
LH:18
BRDA:9,0,0,1
BRDA:9,0,1,2
BRDA:19,1,0,1
BRDA:19,1,1,4
BRDA:29,2,0,1
BRDA:29,2,1,0
BRDA:37,3,0,2
BRDA:37,3,1,0
BRDA:37,4,0,2
BRDA:37,4,1,1
BRF:10
BRH:8
end_of_record
